<?xml version="1.0" encoding="UTF-8"?>
<!-- Generated by org.testng.reporters.JUnitXMLReporter -->
<testsuite hostname="DESKTOP-4NGUBCS" ignored="0" name="Default test" tests="4" failures="0" timestamp="30 Aug 2019 20:02:56 GMT" time="25.115" errors="0">
  <testcase name="test05" time="1.872" classname="Browser.TestScript06"/>
  <testcase name="test05" time="0.769" classname="Browser.TestScript06"/>
  <testcase name="test05" time="0.825" classname="Browser.TestScript06"/>
  <testcase name="test05" time="1.205" classname="Browser.TestScript06"/>
</testsuite> <!-- Default test -->
