<?xml version="1.0" encoding="UTF-8"?>
<!-- Generated by org.testng.reporters.JUnitXMLReporter -->
<testsuite hostname="DESKTOP-4NGUBCS" ignored="0" name="Default test" tests="4" failures="0" timestamp="30 Aug 2019 19:33:35 GMT" time="30.251" errors="0">
  <testcase name="test05" time="2.039" classname="Browser.TestScript05"/>
  <testcase name="test05" time="0.757" classname="Browser.TestScript05"/>
  <testcase name="test05" time="0.789" classname="Browser.TestScript05"/>
  <testcase name="test05" time="1.089" classname="Browser.TestScript05"/>
</testsuite> <!-- Default test -->
