<?xml version="1.0" encoding="UTF-8"?>
<testng-results skipped="0" failed="0" ignored="0" total="4" passed="4">
  <reporter-output>
  </reporter-output>
  <suite name="Default suite" duration-ms="31235" started-at="2019-08-30T17:08:36Z" finished-at="2019-08-30T17:09:08Z">
    <groups>
    </groups>
    <test name="Default test" duration-ms="31235" started-at="2019-08-30T17:08:36Z" finished-at="2019-08-30T17:09:08Z">
      <class name="Browser.TestScript04_TestNG">
        <test-method status="PASS" signature="setUp()[pri:0, instance:Browser.TestScript04_TestNG@4501b7af]" name="setUp" is-config="true" duration-ms="7090" started-at="2019-08-30T17:08:37Z" finished-at="2019-08-30T17:08:44Z">
          <reporter-output>
          </reporter-output>
        </test-method> <!-- setUp -->
        <test-method status="PASS" signature="testcase4(java.lang.String, java.lang.String)[pri:0, instance:Browser.TestScript04_TestNG@4501b7af]" name="testcase4" duration-ms="1921" started-at="2019-08-30T17:08:44Z" data-provider="BankTestData" finished-at="2019-08-30T17:08:46Z">
          <params>
            <param index="0">
              <value>
                <![CDATA[mngr219136]]>
              </value>
            </param>
            <param index="1">
              <value>
                <![CDATA[ujYvEbY]]>
              </value>
            </param>
          </params>
          <reporter-output>
          </reporter-output>
        </test-method> <!-- testcase4 -->
        <test-method status="PASS" signature="tearDown()[pri:0, instance:Browser.TestScript04_TestNG@4501b7af]" name="tearDown" is-config="true" duration-ms="2350" started-at="2019-08-30T17:08:46Z" finished-at="2019-08-30T17:08:48Z">
          <reporter-output>
          </reporter-output>
        </test-method> <!-- tearDown -->
        <test-method status="PASS" signature="setUp()[pri:0, instance:Browser.TestScript04_TestNG@4501b7af]" name="setUp" is-config="true" duration-ms="4509" started-at="2019-08-30T17:08:48Z" finished-at="2019-08-30T17:08:52Z">
          <reporter-output>
          </reporter-output>
        </test-method> <!-- setUp -->
        <test-method status="PASS" signature="testcase4(java.lang.String, java.lang.String)[pri:0, instance:Browser.TestScript04_TestNG@4501b7af]" name="testcase4" duration-ms="504" started-at="2019-08-30T17:08:52Z" data-provider="BankTestData" finished-at="2019-08-30T17:08:53Z">
          <params>
            <param index="0">
              <value>
                <![CDATA[neha]]>
              </value>
            </param>
            <param index="1">
              <value>
                <![CDATA[ujYvEbY]]>
              </value>
            </param>
          </params>
          <reporter-output>
          </reporter-output>
        </test-method> <!-- testcase4 -->
        <test-method status="PASS" signature="tearDown()[pri:0, instance:Browser.TestScript04_TestNG@4501b7af]" name="tearDown" is-config="true" duration-ms="134" started-at="2019-08-30T17:08:53Z" finished-at="2019-08-30T17:08:53Z">
          <reporter-output>
          </reporter-output>
        </test-method> <!-- tearDown -->
        <test-method status="PASS" signature="setUp()[pri:0, instance:Browser.TestScript04_TestNG@4501b7af]" name="setUp" is-config="true" duration-ms="6242" started-at="2019-08-30T17:08:53Z" finished-at="2019-08-30T17:08:59Z">
          <reporter-output>
          </reporter-output>
        </test-method> <!-- setUp -->
        <test-method status="PASS" signature="testcase4(java.lang.String, java.lang.String)[pri:0, instance:Browser.TestScript04_TestNG@4501b7af]" name="testcase4" duration-ms="832" started-at="2019-08-30T17:08:59Z" data-provider="BankTestData" finished-at="2019-08-30T17:09:00Z">
          <params>
            <param index="0">
              <value>
                <![CDATA[mngr219136]]>
              </value>
            </param>
            <param index="1">
              <value>
                <![CDATA[asdrt]]>
              </value>
            </param>
          </params>
          <reporter-output>
          </reporter-output>
        </test-method> <!-- testcase4 -->
        <test-method status="PASS" signature="tearDown()[pri:0, instance:Browser.TestScript04_TestNG@4501b7af]" name="tearDown" is-config="true" duration-ms="136" started-at="2019-08-30T17:09:00Z" finished-at="2019-08-30T17:09:00Z">
          <reporter-output>
          </reporter-output>
        </test-method> <!-- tearDown -->
        <test-method status="PASS" signature="setUp()[pri:0, instance:Browser.TestScript04_TestNG@4501b7af]" name="setUp" is-config="true" duration-ms="4190" started-at="2019-08-30T17:09:00Z" finished-at="2019-08-30T17:09:05Z">
          <reporter-output>
          </reporter-output>
        </test-method> <!-- setUp -->
        <test-method status="PASS" signature="testcase4(java.lang.String, java.lang.String)[pri:0, instance:Browser.TestScript04_TestNG@4501b7af]" name="testcase4" duration-ms="912" started-at="2019-08-30T17:09:05Z" data-provider="BankTestData" finished-at="2019-08-30T17:09:05Z">
          <params>
            <param index="0">
              <value>
                <![CDATA[neha]]>
              </value>
            </param>
            <param index="1">
              <value>
                <![CDATA[asdrt]]>
              </value>
            </param>
          </params>
          <reporter-output>
          </reporter-output>
        </test-method> <!-- testcase4 -->
        <test-method status="PASS" signature="tearDown()[pri:0, instance:Browser.TestScript04_TestNG@4501b7af]" name="tearDown" is-config="true" duration-ms="2241" started-at="2019-08-30T17:09:05Z" finished-at="2019-08-30T17:09:08Z">
          <reporter-output>
          </reporter-output>
        </test-method> <!-- tearDown -->
      </class> <!-- Browser.TestScript04_TestNG -->
    </test> <!-- Default test -->
  </suite> <!-- Default suite -->
</testng-results>
