<?xml version="1.0" encoding="UTF-8"?>
<testng-results skipped="0" failed="0" ignored="0" total="4" passed="4">
  <reporter-output>
  </reporter-output>
  <suite name="Default suite" duration-ms="30251" started-at="2019-08-30T19:33:04Z" finished-at="2019-08-30T19:33:35Z">
    <groups>
    </groups>
    <test name="Default test" duration-ms="30251" started-at="2019-08-30T19:33:04Z" finished-at="2019-08-30T19:33:35Z">
      <class name="Browser.TestScript05">
        <test-method status="PASS" signature="setUp()[pri:0, instance:Browser.TestScript05@5e5792a0]" name="setUp" is-config="true" duration-ms="5502" started-at="2019-08-30T19:33:04Z" finished-at="2019-08-30T19:33:10Z">
          <reporter-output>
          </reporter-output>
        </test-method> <!-- setUp -->
        <test-method status="PASS" signature="test05(java.lang.String, java.lang.String)[pri:0, instance:Browser.TestScript05@5e5792a0]" name="test05" duration-ms="2039" started-at="2019-08-30T19:33:10Z" data-provider="BankTestData" finished-at="2019-08-30T19:33:12Z">
          <params>
            <param index="0">
              <value>
                <![CDATA[mngr219136]]>
              </value>
            </param>
            <param index="1">
              <value>
                <![CDATA[ujYvEbY]]>
              </value>
            </param>
          </params>
          <reporter-output>
          </reporter-output>
        </test-method> <!-- test05 -->
        <test-method status="PASS" signature="tearDown()[pri:0, instance:Browser.TestScript05@5e5792a0]" name="tearDown" is-config="true" duration-ms="226" started-at="2019-08-30T19:33:12Z" finished-at="2019-08-30T19:33:12Z">
          <reporter-output>
          </reporter-output>
        </test-method> <!-- tearDown -->
        <test-method status="PASS" signature="setUp()[pri:0, instance:Browser.TestScript05@5e5792a0]" name="setUp" is-config="true" duration-ms="6959" started-at="2019-08-30T19:33:12Z" finished-at="2019-08-30T19:33:19Z">
          <reporter-output>
          </reporter-output>
        </test-method> <!-- setUp -->
        <test-method status="PASS" signature="test05(java.lang.String, java.lang.String)[pri:0, instance:Browser.TestScript05@5e5792a0]" name="test05" duration-ms="757" started-at="2019-08-30T19:33:19Z" data-provider="BankTestData" finished-at="2019-08-30T19:33:20Z">
          <params>
            <param index="0">
              <value>
                <![CDATA[neha]]>
              </value>
            </param>
            <param index="1">
              <value>
                <![CDATA[ujYvEbY]]>
              </value>
            </param>
          </params>
          <reporter-output>
          </reporter-output>
        </test-method> <!-- test05 -->
        <test-method status="PASS" signature="tearDown()[pri:0, instance:Browser.TestScript05@5e5792a0]" name="tearDown" is-config="true" duration-ms="2166" started-at="2019-08-30T19:33:20Z" finished-at="2019-08-30T19:33:22Z">
          <reporter-output>
          </reporter-output>
        </test-method> <!-- tearDown -->
        <test-method status="PASS" signature="setUp()[pri:0, instance:Browser.TestScript05@5e5792a0]" name="setUp" is-config="true" duration-ms="6034" started-at="2019-08-30T19:33:22Z" finished-at="2019-08-30T19:33:28Z">
          <reporter-output>
          </reporter-output>
        </test-method> <!-- setUp -->
        <test-method status="PASS" signature="test05(java.lang.String, java.lang.String)[pri:0, instance:Browser.TestScript05@5e5792a0]" name="test05" duration-ms="789" started-at="2019-08-30T19:33:28Z" data-provider="BankTestData" finished-at="2019-08-30T19:33:29Z">
          <params>
            <param index="0">
              <value>
                <![CDATA[mngr219136]]>
              </value>
            </param>
            <param index="1">
              <value>
                <![CDATA[78dsk]]>
              </value>
            </param>
          </params>
          <reporter-output>
          </reporter-output>
        </test-method> <!-- test05 -->
        <test-method status="PASS" signature="tearDown()[pri:0, instance:Browser.TestScript05@5e5792a0]" name="tearDown" is-config="true" duration-ms="187" started-at="2019-08-30T19:33:29Z" finished-at="2019-08-30T19:33:29Z">
          <reporter-output>
          </reporter-output>
        </test-method> <!-- tearDown -->
        <test-method status="PASS" signature="setUp()[pri:0, instance:Browser.TestScript05@5e5792a0]" name="setUp" is-config="true" duration-ms="4149" started-at="2019-08-30T19:33:29Z" finished-at="2019-08-30T19:33:33Z">
          <reporter-output>
          </reporter-output>
        </test-method> <!-- setUp -->
        <test-method status="PASS" signature="test05(java.lang.String, java.lang.String)[pri:0, instance:Browser.TestScript05@5e5792a0]" name="test05" duration-ms="1089" started-at="2019-08-30T19:33:33Z" data-provider="BankTestData" finished-at="2019-08-30T19:33:34Z">
          <params>
            <param index="0">
              <value>
                <![CDATA[neha]]>
              </value>
            </param>
            <param index="1">
              <value>
                <![CDATA[78dsk]]>
              </value>
            </param>
          </params>
          <reporter-output>
          </reporter-output>
        </test-method> <!-- test05 -->
        <test-method status="PASS" signature="tearDown()[pri:0, instance:Browser.TestScript05@5e5792a0]" name="tearDown" is-config="true" duration-ms="284" started-at="2019-08-30T19:33:34Z" finished-at="2019-08-30T19:33:35Z">
          <reporter-output>
          </reporter-output>
        </test-method> <!-- tearDown -->
      </class> <!-- Browser.TestScript05 -->
    </test> <!-- Default test -->
  </suite> <!-- Default suite -->
</testng-results>
